<?xml version="1.0" encoding="UTF-8"?>
<!-- Generated by org.testng.reporters.JUnitXMLReporter -->
<testsuite ignored="0" hostname="Dell-E7490" failures="0" tests="3" name="Default test" time="46.699" errors="0" timestamp="2026-04-02T17:15:58 IST">
  <testcase classname="testNg.InovactionCount" name="shopperstack" time="6.197"/>
  <testcase classname="testNg.InovactionCount" name="shopperstack" time="35.945"/>
  <testcase classname="testNg.InovactionCount" name="shopperstack" time="4.434"/>
</testsuite> <!-- Default test -->
