<?xml version="1.0" encoding="UTF-8"?>
<testng-results ignored="0" total="3" passed="3" failed="0" skipped="0">
  <reporter-output>
    <line>
      <![CDATA[ShopperStack Opened]]>
    </line>
    <line>
      <![CDATA[ShopperStack Opened]]>
    </line>
    <line>
      <![CDATA[ShopperStack Opened]]>
    </line>
  </reporter-output>
  <suite started-at="2026-04-02T17:15:11 IST" name="Default suite" finished-at="2026-04-02T17:15:58 IST" duration-ms="46699">
    <groups>
    </groups>
    <test started-at="2026-04-02T17:15:11 IST" name="Default test" finished-at="2026-04-02T17:15:58 IST" duration-ms="46699">
      <class name="testNg.InovactionCount">
        <test-method signature="shopperstack()[pri:0, instance:testNg.InovactionCount@73a1e9a9]" started-at="2026-04-02T17:15:11 IST" name="shopperstack" finished-at="2026-04-02T17:15:17 IST" duration-ms="6197" status="PASS">
          <reporter-output>
            <line>
              <![CDATA[ShopperStack Opened]]>
            </line>
          </reporter-output>
        </test-method> <!-- shopperstack -->
        <test-method signature="shopperstack()[pri:0, instance:testNg.InovactionCount@73a1e9a9]" started-at="2026-04-02T17:15:17 IST" name="shopperstack" finished-at="2026-04-02T17:15:53 IST" duration-ms="35945" status="PASS">
          <reporter-output>
            <line>
              <![CDATA[ShopperStack Opened]]>
            </line>
          </reporter-output>
        </test-method> <!-- shopperstack -->
        <test-method signature="shopperstack()[pri:0, instance:testNg.InovactionCount@73a1e9a9]" started-at="2026-04-02T17:15:53 IST" name="shopperstack" finished-at="2026-04-02T17:15:57 IST" duration-ms="4434" status="PASS">
          <reporter-output>
            <line>
              <![CDATA[ShopperStack Opened]]>
            </line>
          </reporter-output>
        </test-method> <!-- shopperstack -->
      </class> <!-- testNg.InovactionCount -->
    </test> <!-- Default test -->
  </suite> <!-- Default suite -->
</testng-results>
