<?xml version="1.0" encoding="UTF-8"?>
<!-- Generated by org.testng.reporters.JUnitReportReporter -->
<testsuite hostname="Dell-E7490" failures="0" tests="3" name="testNg.Priority2" time="19.636" errors="0" timestamp="2026-04-02T17:09:59 IST" skipped="0">
  <testcase classname="testNg.Priority2" name="flipkart" time="7.817">
    <system-out>
      <![CDATA[FlipCart Opened]]>
    </system-out>
  </testcase> <!-- flipkart -->
  <testcase classname="testNg.Priority2" name="shopperstack" time="6.154">
    <system-out>
      <![CDATA[ShopperStack Opened]]>
    </system-out>
  </testcase> <!-- shopperstack -->
  <testcase classname="testNg.Priority2" name="demowebshop" time="5.665">
    <system-out>
      <![CDATA[DemoWebShop Opened]]>
    </system-out>
  </testcase> <!-- demowebshop -->
  <system-out>
    <![CDATA[FlipCart Opened
ShopperStack Opened
DemoWebShop Opened]]>
  </system-out>
</testsuite> <!-- testNg.Priority2 -->
