<?xml version="1.0" encoding="UTF-8"?>
<!-- Generated by org.testng.reporters.JUnitReportReporter -->
<testsuite hostname="Dell-E7490" failures="0" tests="3" name="testNg.InovactionCount" time="46.576" errors="0" timestamp="2026-04-02T17:15:58 IST" skipped="0">
  <testcase classname="testNg.InovactionCount" name="shopperstack" time="6.197">
    <system-out>
      <![CDATA[ShopperStack Opened]]>
    </system-out>
  </testcase> <!-- shopperstack -->
  <testcase classname="testNg.InovactionCount" name="shopperstack" time="4.434">
    <system-out>
      <![CDATA[ShopperStack Opened]]>
    </system-out>
  </testcase> <!-- shopperstack -->
  <testcase classname="testNg.InovactionCount" name="shopperstack" time="35.945">
    <system-out>
      <![CDATA[ShopperStack Opened]]>
    </system-out>
  </testcase> <!-- shopperstack -->
  <system-out>
    <![CDATA[ShopperStack Opened
ShopperStack Opened
ShopperStack Opened]]>
  </system-out>
</testsuite> <!-- testNg.InovactionCount -->
