<?xml version="1.0" encoding="UTF-8"?>
<!-- Generated by org.testng.reporters.JUnitReportReporter -->
<testsuite hostname="Dell-E7490" failures="0" tests="1" name="testNg.InvocationCount" time="7.856" errors="0" timestamp="2026-04-02T17:05:12 IST" skipped="0">
  <testcase classname="testNg.InvocationCount" name="demowebshop" time="7.856">
    <system-out>
      <![CDATA[DemoWebShop Opened]]>
    </system-out>
  </testcase> <!-- demowebshop -->
  <system-out>
    <![CDATA[DemoWebShop Opened]]>
  </system-out>
</testsuite> <!-- testNg.InvocationCount -->
