<?xml version="1.0" encoding="UTF-8"?>
<!-- Generated by org.testng.reporters.JUnitReportReporter -->
<testsuite hostname="Dell-E7490" failures="0" tests="3" name="testNg.Priority" time="10.522" errors="0" timestamp="2026-04-02T17:08:59 IST" skipped="0">
  <testcase classname="testNg.Priority" name="amaze" time="5.335">
    <system-out>
      <![CDATA[Amozon application is Opened]]>
    </system-out>
  </testcase> <!-- amaze -->
  <testcase classname="testNg.Priority" name="shopperstack" time="3.015">
    <system-out>
      <![CDATA[Bigbasket application is Opened]]>
    </system-out>
  </testcase> <!-- shopperstack -->
  <testcase classname="testNg.Priority" name="cricbuzz" time="2.172">
    <system-out>
      <![CDATA[Cricbuzz application is Opened]]>
    </system-out>
  </testcase> <!-- cricbuzz -->
  <system-out>
    <![CDATA[Amozon application is Opened
Cricbuzz application is Opened
Bigbasket application is Opened]]>
  </system-out>
</testsuite> <!-- testNg.Priority -->
